#! /c/Source/iverilog-install/bin/vvp
:ivl_version "12.0 (devel)" "(s20150603-1539-g2693dd32b)";
:ivl_delay_selection "TYPICAL";
:vpi_time_precision + 0;
:vpi_module "C:\iverilog\lib\ivl\system.vpi";
:vpi_module "C:\iverilog\lib\ivl\vhdl_sys.vpi";
:vpi_module "C:\iverilog\lib\ivl\vhdl_textio.vpi";
:vpi_module "C:\iverilog\lib\ivl\v2005_math.vpi";
:vpi_module "C:\iverilog\lib\ivl\va_math.vpi";
S_000001a7b9386990 .scope module, "jpeg_header_parser" "jpeg_header_parser" 2 13;
 .timescale 0 0;
    .port_info 0 /INPUT 1 "clk";
    .port_info 1 /INPUT 1 "rst_n";
    .port_info 2 /INPUT 8 "byte_in";
    .port_info 3 /INPUT 1 "byte_valid";
    .port_info 4 /OUTPUT 1 "parser_ready";
    .port_info 5 /OUTPUT 16 "img_height";
    .port_info 6 /OUTPUT 16 "img_width";
    .port_info 7 /OUTPUT 1 "qtable_loaded";
    .port_info 8 /OUTPUT 2 "qtable_id_loaded";
    .port_info 9 /OUTPUT 1 "dhttable_loaded";
    .port_info 10 /OUTPUT 1 "dht_table_class";
    .port_info 11 /OUTPUT 4 "dht_table_id";
    .port_info 12 /OUTPUT 9 "dht_sym_count";
    .port_info 13 /OUTPUT 1 "start_scan";
    .port_info 14 /OUTPUT 8 "scan_byte_out";
    .port_info 15 /OUTPUT 1 "scan_byte_valid";
P_000001a7b93d3d50 .param/l "DHT" 1 2 46, C4<11000100>;
P_000001a7b93d3d88 .param/l "DQT" 1 2 45, C4<11011011>;
P_000001a7b93d3dc0 .param/l "SOF0" 1 2 44, C4<11000000>;
P_000001a7b93d3df8 .param/l "SOI" 1 2 43, C4<11011000>;
P_000001a7b93d3e30 .param/l "SOS" 1 2 47, C4<11011010>;
P_000001a7b93d3e68 .param/l "S_DONE_HDR" 1 2 62, C4<01010>;
P_000001a7b93d3ea0 .param/l "S_FIND_FF" 1 2 53, C4<00001>;
P_000001a7b93d3ed8 .param/l "S_GOT_FF" 1 2 54, C4<00010>;
P_000001a7b93d3f10 .param/l "S_IDLE" 1 2 52, C4<00000>;
P_000001a7b93d3f48 .param/l "S_PASS_THROUGH" 1 2 63, C4<01011>;
P_000001a7b93d3f80 .param/l "S_READ_DHT" 1 2 60, C4<01000>;
P_000001a7b93d3fb8 .param/l "S_READ_DQT" 1 2 59, C4<00111>;
P_000001a7b93d3ff0 .param/l "S_READ_LEN_H" 1 2 55, C4<00011>;
P_000001a7b93d4028 .param/l "S_READ_LEN_L" 1 2 56, C4<00100>;
P_000001a7b93d4060 .param/l "S_READ_SOF0" 1 2 58, C4<00110>;
P_000001a7b93d4098 .param/l "S_READ_SOS" 1 2 64, C4<01100>;
P_000001a7b93d40d0 .param/l "S_SEG_PROCESS" 1 2 57, C4<00101>;
P_000001a7b93d4108 .param/l "S_SKIP_SEG" 1 2 61, C4<01001>;
v000001a7b9386f00_0 .var "byte_cnt", 15 0;
o000001a7b940c7d8 .functor BUFZ 8, C4<zzzzzzzz>; HiZ drive
v000001a7b9386b20_0 .net "byte_in", 7 0, o000001a7b940c7d8;  0 drivers
o000001a7b940c808 .functor BUFZ 1, C4<z>; HiZ drive
v000001a7b9386bc0_0 .net "byte_valid", 0 0, o000001a7b940c808;  0 drivers
v000001a7b9386c60_0 .var "bytes_left", 15 0;
o000001a7b940c868 .functor BUFZ 1, C4<z>; HiZ drive
v000001a7b945d490_0 .net "clk", 0 0, o000001a7b940c868;  0 drivers
v000001a7b945d530_0 .var "cur_dht_tc", 0 0;
v000001a7b945d5d0_0 .var "cur_dht_th", 3 0;
v000001a7b945d670_0 .var "cur_marker", 7 0;
v000001a7b945d710_0 .var "cur_qtable_id", 1 0;
v000001a7b945d7b0_0 .var "cur_qtable_pq", 0 0;
v000001a7b945d850 .array "dht_len_byte", 15 0, 7 0;
v000001a7b945d8f0_0 .var "dht_len_index", 3 0;
v000001a7b945d990 .array "dht_sym_cnt", 7 0, 8 0;
v000001a7b945dda0_0 .var "dht_sym_count", 8 0;
v000001a7b945e3e0 .array "dht_sym_mem", 8191 0, 7 0;
v000001a7b945e020_0 .var "dht_symbol_index", 8 0;
v000001a7b945e520_0 .var "dht_symbols_to_read", 15 0;
v000001a7b945dd00_0 .var "dht_table_class", 0 0;
v000001a7b945e5c0_0 .var "dht_table_id", 3 0;
v000001a7b945de40_0 .var "dhttable_loaded", 0 0;
v000001a7b945e840_0 .var/i "i", 31 0;
v000001a7b945e8e0_0 .var "img_height", 15 0;
v000001a7b945e980_0 .var "img_width", 15 0;
v000001a7b945e660_0 .var/i "j", 31 0;
v000001a7b945df80_0 .var "last_byte", 7 0;
v000001a7b945e7a0_0 .var "next_state", 4 0;
v000001a7b945e480_0 .var "parser_ready", 0 0;
v000001a7b945dbc0_0 .var "q_coeff_index", 6 0;
v000001a7b945e0c0_0 .var "qtable_id_loaded", 1 0;
v000001a7b945dee0_0 .var "qtable_loaded", 0 0;
v000001a7b945da80 .array "qtable_mem", 255 0, 15 0;
o000001a7b940ccb8 .functor BUFZ 1, C4<z>; HiZ drive
v000001a7b945db20_0 .net "rst_n", 0 0, o000001a7b940ccb8;  0 drivers
v000001a7b945e340_0 .var "saw_ff", 0 0;
v000001a7b945e700_0 .var "scan_byte_out", 7 0;
v000001a7b945e160_0 .var "scan_byte_valid", 0 0;
v000001a7b945dc60_0 .var "seg_len", 15 0;
v000001a7b945e200_0 .var "start_scan", 0 0;
v000001a7b945e2a0_0 .var "state", 4 0;
v000001a7b94681c0_0 .var "waiting_second_byte", 0 0;
E_000001a7b9405530/0 .event anyedge, v000001a7b945e2a0_0, v000001a7b9386bc0_0, v000001a7b9386b20_0, v000001a7b945d670_0;
E_000001a7b9405530/1 .event anyedge, v000001a7b9386c60_0, v000001a7b9386f00_0;
E_000001a7b9405530 .event/or E_000001a7b9405530/0, E_000001a7b9405530/1;
E_000001a7b9405c30/0 .event negedge, v000001a7b945db20_0;
E_000001a7b9405c30/1 .event posedge, v000001a7b945d490_0;
E_000001a7b9405c30 .event/or E_000001a7b9405c30/0, E_000001a7b9405c30/1;
    .scope S_000001a7b9386990;
T_0 ;
    %wait E_000001a7b9405c30;
    %load/vec4 v000001a7b945db20_0;
    %nor/r;
    %flag_set/vec4 8;
    %jmp/0xz  T_0.0, 8;
    %pushi/vec4 0, 0, 5;
    %assign/vec4 v000001a7b945e2a0_0, 0;
    %pushi/vec4 1, 0, 1;
    %assign/vec4 v000001a7b945e480_0, 0;
    %pushi/vec4 0, 0, 1;
    %assign/vec4 v000001a7b945e340_0, 0;
    %pushi/vec4 0, 0, 16;
    %assign/vec4 v000001a7b945dc60_0, 0;
    %pushi/vec4 0, 0, 16;
    %assign/vec4 v000001a7b9386c60_0, 0;
    %pushi/vec4 0, 0, 16;
    %assign/vec4 v000001a7b9386f00_0, 0;
    %pushi/vec4 0, 0, 8;
    %assign/vec4 v000001a7b945d670_0, 0;
    %pushi/vec4 0, 0, 16;
    %assign/vec4 v000001a7b945e8e0_0, 0;
    %pushi/vec4 0, 0, 16;
    %assign/vec4 v000001a7b945e980_0, 0;
    %pushi/vec4 0, 0, 1;
    %assign/vec4 v000001a7b945dee0_0, 0;
    %pushi/vec4 0, 0, 2;
    %assign/vec4 v000001a7b945e0c0_0, 0;
    %pushi/vec4 0, 0, 1;
    %assign/vec4 v000001a7b945de40_0, 0;
    %pushi/vec4 0, 0, 1;
    %assign/vec4 v000001a7b945dd00_0, 0;
    %pushi/vec4 0, 0, 4;
    %assign/vec4 v000001a7b945e5c0_0, 0;
    %pushi/vec4 0, 0, 9;
    %assign/vec4 v000001a7b945dda0_0, 0;
    %pushi/vec4 0, 0, 1;
    %assign/vec4 v000001a7b945e200_0, 0;
    %pushi/vec4 0, 0, 8;
    %assign/vec4 v000001a7b945e700_0, 0;
    %pushi/vec4 0, 0, 1;
    %assign/vec4 v000001a7b945e160_0, 0;
    %pushi/vec4 0, 0, 32;
    %store/vec4 v000001a7b945e840_0, 0, 32;
T_0.2 ;
    %load/vec4 v000001a7b945e840_0;
    %cmpi/s 4, 0, 32;
    %jmp/0xz T_0.3, 5;
    %pushi/vec4 0, 0, 32;
    %store/vec4 v000001a7b945e660_0, 0, 32;
T_0.4 ;
    %load/vec4 v000001a7b945e660_0;
    %cmpi/s 64, 0, 32;
    %jmp/0xz T_0.5, 5;
    %pushi/vec4 0, 0, 16;
    %load/vec4 v000001a7b945e840_0;
    %pad/s 39;
    %pad/s 45;
    %muli 64, 0, 45;
    %pad/s 46;
    %load/vec4 v000001a7b945e660_0;
    %pad/s 46;
    %add;
    %ix/vec4/s 3;
    %ix/load 4, 0, 0; Constant delay
    %assign/vec4/a/d v000001a7b945da80, 0, 4;
    %load/vec4 v000001a7b945e660_0;
    %addi 1, 0, 32;
    %store/vec4 v000001a7b945e660_0, 0, 32;
    %jmp T_0.4;
T_0.5 ;
    %load/vec4 v000001a7b945e840_0;
    %addi 1, 0, 32;
    %store/vec4 v000001a7b945e840_0, 0, 32;
    %jmp T_0.2;
T_0.3 ;
    %pushi/vec4 0, 0, 32;
    %store/vec4 v000001a7b945e840_0, 0, 32;
T_0.6 ;
    %load/vec4 v000001a7b945e840_0;
    %cmpi/s 2, 0, 32;
    %jmp/0xz T_0.7, 5;
    %pushi/vec4 0, 0, 32;
    %store/vec4 v000001a7b945e660_0, 0, 32;
T_0.8 ;
    %load/vec4 v000001a7b945e660_0;
    %cmpi/s 4, 0, 32;
    %jmp/0xz T_0.9, 5;
    %pushi/vec4 0, 0, 9;
    %load/vec4 v000001a7b945e840_0;
    %pad/s 35;
    %pad/s 37;
    %muli 4, 0, 37;
    %pad/s 38;
    %load/vec4 v000001a7b945e660_0;
    %pad/s 38;
    %add;
    %ix/vec4/s 3;
    %ix/load 4, 0, 0; Constant delay
    %assign/vec4/a/d v000001a7b945d990, 0, 4;
    %load/vec4 v000001a7b945e660_0;
    %addi 1, 0, 32;
    %store/vec4 v000001a7b945e660_0, 0, 32;
    %jmp T_0.8;
T_0.9 ;
    %load/vec4 v000001a7b945e840_0;
    %addi 1, 0, 32;
    %store/vec4 v000001a7b945e840_0, 0, 32;
    %jmp T_0.6;
T_0.7 ;
    %jmp T_0.1;
T_0.0 ;
    %pushi/vec4 0, 0, 1;
    %assign/vec4 v000001a7b945dee0_0, 0;
    %pushi/vec4 0, 0, 1;
    %assign/vec4 v000001a7b945de40_0, 0;
    %pushi/vec4 0, 0, 1;
    %assign/vec4 v000001a7b945e200_0, 0;
    %pushi/vec4 0, 0, 1;
    %assign/vec4 v000001a7b945e160_0, 0;
    %load/vec4 v000001a7b945e7a0_0;
    %assign/vec4 v000001a7b945e2a0_0, 0;
    %load/vec4 v000001a7b945e2a0_0;
    %dup/vec4;
    %pushi/vec4 0, 0, 5;
    %cmp/u;
    %jmp/1 T_0.10, 6;
    %dup/vec4;
    %pushi/vec4 1, 0, 5;
    %cmp/u;
    %jmp/1 T_0.11, 6;
    %dup/vec4;
    %pushi/vec4 2, 0, 5;
    %cmp/u;
    %jmp/1 T_0.12, 6;
    %dup/vec4;
    %pushi/vec4 3, 0, 5;
    %cmp/u;
    %jmp/1 T_0.13, 6;
    %dup/vec4;
    %pushi/vec4 4, 0, 5;
    %cmp/u;
    %jmp/1 T_0.14, 6;
    %dup/vec4;
    %pushi/vec4 6, 0, 5;
    %cmp/u;
    %jmp/1 T_0.15, 6;
    %dup/vec4;
    %pushi/vec4 7, 0, 5;
    %cmp/u;
    %jmp/1 T_0.16, 6;
    %dup/vec4;
    %pushi/vec4 8, 0, 5;
    %cmp/u;
    %jmp/1 T_0.17, 6;
    %dup/vec4;
    %pushi/vec4 9, 0, 5;
    %cmp/u;
    %jmp/1 T_0.18, 6;
    %dup/vec4;
    %pushi/vec4 11, 0, 5;
    %cmp/u;
    %jmp/1 T_0.19, 6;
    %dup/vec4;
    %pushi/vec4 10, 0, 5;
    %cmp/u;
    %jmp/1 T_0.20, 6;
    %jmp T_0.21;
T_0.10 ;
    %pushi/vec4 0, 0, 1;
    %assign/vec4 v000001a7b945e340_0, 0;
    %pushi/vec4 1, 0, 1;
    %assign/vec4 v000001a7b945e480_0, 0;
    %jmp T_0.21;
T_0.11 ;
    %load/vec4 v000001a7b9386bc0_0;
    %flag_set/vec4 9;
    %flag_get/vec4 9;
    %jmp/0 T_0.24, 9;
    %load/vec4 v000001a7b9386b20_0;
    %pushi/vec4 255, 0, 8;
    %cmp/e;
    %flag_get/vec4 4;
    %and;
T_0.24;
    %flag_set/vec4 8;
    %jmp/0xz  T_0.22, 8;
    %pushi/vec4 1, 0, 1;
    %assign/vec4 v000001a7b945e340_0, 0;
T_0.22 ;
    %jmp T_0.21;
T_0.12 ;
    %load/vec4 v000001a7b9386bc0_0;
    %flag_set/vec4 8;
    %jmp/0xz  T_0.25, 8;
    %load/vec4 v000001a7b9386b20_0;
    %cmpi/e 0, 0, 8;
    %jmp/0xz  T_0.27, 4;
    %pushi/vec4 0, 0, 1;
    %assign/vec4 v000001a7b945e340_0, 0;
    %jmp T_0.28;
T_0.27 ;
    %load/vec4 v000001a7b9386b20_0;
    %assign/vec4 v000001a7b945d670_0, 0;
T_0.28 ;
T_0.25 ;
    %jmp T_0.21;
T_0.13 ;
    %load/vec4 v000001a7b9386bc0_0;
    %flag_set/vec4 8;
    %jmp/0xz  T_0.29, 8;
    %load/vec4 v000001a7b9386b20_0;
    %ix/load 4, 8, 0;
    %ix/load 5, 0, 0;
    %flag_set/imm 4, 0;
    %assign/vec4/off/d v000001a7b945dc60_0, 4, 5;
T_0.29 ;
    %jmp T_0.21;
T_0.14 ;
    %load/vec4 v000001a7b9386bc0_0;
    %flag_set/vec4 8;
    %jmp/0xz  T_0.31, 8;
    %load/vec4 v000001a7b9386b20_0;
    %ix/load 4, 0, 0;
    %ix/load 5, 0, 0;
    %flag_set/imm 4, 0;
    %assign/vec4/off/d v000001a7b945dc60_0, 4, 5;
    %load/vec4 v000001a7b945dc60_0;
    %parti/s 8, 8, 5;
    %load/vec4 v000001a7b9386b20_0;
    %concat/vec4; draw_concat_vec4
    %subi 2, 0, 16;
    %assign/vec4 v000001a7b9386c60_0, 0;
    %pushi/vec4 0, 0, 16;
    %assign/vec4 v000001a7b9386f00_0, 0;
T_0.31 ;
    %jmp T_0.21;
T_0.15 ;
    %load/vec4 v000001a7b9386bc0_0;
    %flag_set/vec4 8;
    %jmp/0xz  T_0.33, 8;
    %load/vec4 v000001a7b9386f00_0;
    %pad/u 32;
    %cmpi/e 1, 0, 32;
    %jmp/0xz  T_0.35, 4;
    %load/vec4 v000001a7b9386b20_0;
    %ix/load 4, 8, 0;
    %ix/load 5, 0, 0;
    %flag_set/imm 4, 0;
    %assign/vec4/off/d v000001a7b945e8e0_0, 4, 5;
    %jmp T_0.36;
T_0.35 ;
    %load/vec4 v000001a7b9386f00_0;
    %pad/u 32;
    %cmpi/e 2, 0, 32;
    %jmp/0xz  T_0.37, 4;
    %load/vec4 v000001a7b9386b20_0;
    %ix/load 4, 0, 0;
    %ix/load 5, 0, 0;
    %flag_set/imm 4, 0;
    %assign/vec4/off/d v000001a7b945e8e0_0, 4, 5;
    %jmp T_0.38;
T_0.37 ;
    %load/vec4 v000001a7b9386f00_0;
    %pad/u 32;
    %cmpi/e 3, 0, 32;
    %jmp/0xz  T_0.39, 4;
    %load/vec4 v000001a7b9386b20_0;
    %ix/load 4, 8, 0;
    %ix/load 5, 0, 0;
    %flag_set/imm 4, 0;
    %assign/vec4/off/d v000001a7b945e980_0, 4, 5;
    %jmp T_0.40;
T_0.39 ;
    %load/vec4 v000001a7b9386f00_0;
    %pad/u 32;
    %cmpi/e 4, 0, 32;
    %jmp/0xz  T_0.41, 4;
    %load/vec4 v000001a7b9386b20_0;
    %ix/load 4, 0, 0;
    %ix/load 5, 0, 0;
    %flag_set/imm 4, 0;
    %assign/vec4/off/d v000001a7b945e980_0, 4, 5;
T_0.41 ;
T_0.40 ;
T_0.38 ;
T_0.36 ;
    %load/vec4 v000001a7b9386f00_0;
    %addi 1, 0, 16;
    %assign/vec4 v000001a7b9386f00_0, 0;
    %load/vec4 v000001a7b9386c60_0;
    %pad/u 32;
    %cmpi/u 0, 0, 32;
    %flag_or 5, 4; GT is !LE
    %flag_inv 5;
    %jmp/0xz  T_0.43, 5;
    %load/vec4 v000001a7b9386c60_0;
    %subi 1, 0, 16;
    %assign/vec4 v000001a7b9386c60_0, 0;
T_0.43 ;
T_0.33 ;
    %jmp T_0.21;
T_0.16 ;
    %load/vec4 v000001a7b9386bc0_0;
    %flag_set/vec4 8;
    %jmp/0xz  T_0.45, 8;
    %load/vec4 v000001a7b9386f00_0;
    %pad/u 32;
    %cmpi/e 0, 0, 32;
    %jmp/0xz  T_0.47, 4;
    %load/vec4 v000001a7b9386b20_0;
    %parti/s 1, 7, 4;
    %assign/vec4 v000001a7b945d7b0_0, 0;
    %load/vec4 v000001a7b9386b20_0;
    %parti/s 4, 0, 2;
    %pad/u 2;
    %assign/vec4 v000001a7b945d710_0, 0;
    %pushi/vec4 0, 0, 7;
    %assign/vec4 v000001a7b945dbc0_0, 0;
    %pushi/vec4 0, 0, 1;
    %assign/vec4 v000001a7b94681c0_0, 0;
    %load/vec4 v000001a7b9386f00_0;
    %addi 1, 0, 16;
    %assign/vec4 v000001a7b9386f00_0, 0;
    %load/vec4 v000001a7b9386c60_0;
    %pad/u 32;
    %cmpi/u 0, 0, 32;
    %flag_or 5, 4; GT is !LE
    %flag_inv 5;
    %jmp/0xz  T_0.49, 5;
    %load/vec4 v000001a7b9386c60_0;
    %subi 1, 0, 16;
    %assign/vec4 v000001a7b9386c60_0, 0;
T_0.49 ;
    %jmp T_0.48;
T_0.47 ;
    %load/vec4 v000001a7b945d7b0_0;
    %pad/u 32;
    %cmpi/e 0, 0, 32;
    %jmp/0xz  T_0.51, 4;
    %pushi/vec4 0, 0, 8;
    %load/vec4 v000001a7b9386b20_0;
    %concat/vec4; draw_concat_vec4
    %load/vec4 v000001a7b945d710_0;
    %pad/u 11;
    %pad/u 17;
    %muli 64, 0, 17;
    %pad/u 18;
    %load/vec4 v000001a7b945dbc0_0;
    %pad/u 8;
    %pad/u 18;
    %add;
    %ix/vec4 3;
    %ix/load 4, 0, 0; Constant delay
    %assign/vec4/a/d v000001a7b945da80, 0, 4;
    %load/vec4 v000001a7b945dbc0_0;
    %addi 1, 0, 7;
    %assign/vec4 v000001a7b945dbc0_0, 0;
    %load/vec4 v000001a7b9386f00_0;
    %addi 1, 0, 16;
    %assign/vec4 v000001a7b9386f00_0, 0;
    %load/vec4 v000001a7b9386c60_0;
    %pad/u 32;
    %cmpi/u 0, 0, 32;
    %flag_or 5, 4; GT is !LE
    %flag_inv 5;
    %jmp/0xz  T_0.53, 5;
    %load/vec4 v000001a7b9386c60_0;
    %subi 1, 0, 16;
    %assign/vec4 v000001a7b9386c60_0, 0;
T_0.53 ;
    %load/vec4 v000001a7b945dbc0_0;
    %pad/u 32;
    %cmpi/e 63, 0, 32;
    %jmp/0xz  T_0.55, 4;
    %pushi/vec4 1, 0, 1;
    %assign/vec4 v000001a7b945dee0_0, 0;
    %load/vec4 v000001a7b945d710_0;
    %assign/vec4 v000001a7b945e0c0_0, 0;
    %pushi/vec4 0, 0, 16;
    %assign/vec4 v000001a7b9386f00_0, 0;
T_0.55 ;
    %jmp T_0.52;
T_0.51 ;
    %load/vec4 v000001a7b94681c0_0;
    %nor/r;
    %flag_set/vec4 8;
    %jmp/0xz  T_0.57, 8;
    %load/vec4 v000001a7b9386b20_0;
    %assign/vec4 v000001a7b945df80_0, 0;
    %pushi/vec4 1, 0, 1;
    %assign/vec4 v000001a7b94681c0_0, 0;
    %load/vec4 v000001a7b9386f00_0;
    %addi 1, 0, 16;
    %assign/vec4 v000001a7b9386f00_0, 0;
    %load/vec4 v000001a7b9386c60_0;
    %pad/u 32;
    %cmpi/u 0, 0, 32;
    %flag_or 5, 4; GT is !LE
    %flag_inv 5;
    %jmp/0xz  T_0.59, 5;
    %load/vec4 v000001a7b9386c60_0;
    %subi 1, 0, 16;
    %assign/vec4 v000001a7b9386c60_0, 0;
T_0.59 ;
    %jmp T_0.58;
T_0.57 ;
    %load/vec4 v000001a7b945df80_0;
    %load/vec4 v000001a7b9386b20_0;
    %concat/vec4; draw_concat_vec4
    %load/vec4 v000001a7b945d710_0;
    %pad/u 11;
    %pad/u 17;
    %muli 64, 0, 17;
    %pad/u 18;
    %load/vec4 v000001a7b945dbc0_0;
    %pad/u 8;
    %pad/u 18;
    %add;
    %ix/vec4 3;
    %ix/load 4, 0, 0; Constant delay
    %assign/vec4/a/d v000001a7b945da80, 0, 4;
    %pushi/vec4 0, 0, 1;
    %assign/vec4 v000001a7b94681c0_0, 0;
    %load/vec4 v000001a7b945dbc0_0;
    %addi 1, 0, 7;
    %assign/vec4 v000001a7b945dbc0_0, 0;
    %load/vec4 v000001a7b9386f00_0;
    %addi 1, 0, 16;
    %assign/vec4 v000001a7b9386f00_0, 0;
    %load/vec4 v000001a7b9386c60_0;
    %pad/u 32;
    %cmpi/u 0, 0, 32;
    %flag_or 5, 4; GT is !LE
    %flag_inv 5;
    %jmp/0xz  T_0.61, 5;
    %load/vec4 v000001a7b9386c60_0;
    %subi 1, 0, 16;
    %assign/vec4 v000001a7b9386c60_0, 0;
T_0.61 ;
    %load/vec4 v000001a7b945dbc0_0;
    %pad/u 32;
    %cmpi/e 63, 0, 32;
    %jmp/0xz  T_0.63, 4;
    %pushi/vec4 1, 0, 1;
    %assign/vec4 v000001a7b945dee0_0, 0;
    %load/vec4 v000001a7b945d710_0;
    %assign/vec4 v000001a7b945e0c0_0, 0;
    %pushi/vec4 0, 0, 16;
    %assign/vec4 v000001a7b9386f00_0, 0;
T_0.63 ;
T_0.58 ;
T_0.52 ;
T_0.48 ;
T_0.45 ;
    %jmp T_0.21;
T_0.17 ;
    %load/vec4 v000001a7b9386bc0_0;
    %flag_set/vec4 8;
    %jmp/0xz  T_0.65, 8;
    %load/vec4 v000001a7b9386f00_0;
    %pad/u 32;
    %cmpi/e 0, 0, 32;
    %jmp/0xz  T_0.67, 4;
    %load/vec4 v000001a7b9386b20_0;
    %parti/s 1, 4, 4;
    %assign/vec4 v000001a7b945d530_0, 0;
    %load/vec4 v000001a7b9386b20_0;
    %parti/s 4, 0, 2;
    %assign/vec4 v000001a7b945d5d0_0, 0;
    %pushi/vec4 0, 0, 4;
    %assign/vec4 v000001a7b945d8f0_0, 0;
    %pushi/vec4 0, 0, 16;
    %assign/vec4 v000001a7b945e520_0, 0;
    %pushi/vec4 0, 0, 9;
    %assign/vec4 v000001a7b945e020_0, 0;
    %load/vec4 v000001a7b9386f00_0;
    %addi 1, 0, 16;
    %assign/vec4 v000001a7b9386f00_0, 0;
    %load/vec4 v000001a7b9386c60_0;
    %pad/u 32;
    %cmpi/u 0, 0, 32;
    %flag_or 5, 4; GT is !LE
    %flag_inv 5;
    %jmp/0xz  T_0.69, 5;
    %load/vec4 v000001a7b9386c60_0;
    %subi 1, 0, 16;
    %assign/vec4 v000001a7b9386c60_0, 0;
T_0.69 ;
    %jmp T_0.68;
T_0.67 ;
    %load/vec4 v000001a7b9386f00_0;
    %pad/u 32;
    %cmpi/u 16, 0, 32;
    %flag_or 5, 4;
    %jmp/0xz  T_0.71, 5;
    %load/vec4 v000001a7b9386b20_0;
    %load/vec4 v000001a7b9386f00_0;
    %pad/u 32;
    %subi 1, 0, 32;
    %ix/vec4 3;
    %ix/load 4, 0, 0; Constant delay
    %assign/vec4/a/d v000001a7b945d850, 0, 4;
    %load/vec4 v000001a7b945e520_0;
    %load/vec4 v000001a7b9386b20_0;
    %pad/u 16;
    %add;
    %assign/vec4 v000001a7b945e520_0, 0;
    %load/vec4 v000001a7b945d8f0_0;
    %addi 1, 0, 4;
    %assign/vec4 v000001a7b945d8f0_0, 0;
    %load/vec4 v000001a7b9386f00_0;
    %addi 1, 0, 16;
    %assign/vec4 v000001a7b9386f00_0, 0;
    %load/vec4 v000001a7b9386c60_0;
    %pad/u 32;
    %cmpi/u 0, 0, 32;
    %flag_or 5, 4; GT is !LE
    %flag_inv 5;
    %jmp/0xz  T_0.73, 5;
    %load/vec4 v000001a7b9386c60_0;
    %subi 1, 0, 16;
    %assign/vec4 v000001a7b9386c60_0, 0;
T_0.73 ;
    %jmp T_0.72;
T_0.71 ;
    %load/vec4 v000001a7b9386b20_0;
    %load/vec4 v000001a7b945d530_0;
    %load/vec4 v000001a7b945d5d0_0;
    %concat/vec4; draw_concat_vec4
    %pad/u 16;
    %pad/u 24;
    %muli 256, 0, 24;
    %pad/u 25;
    %load/vec4 v000001a7b945e020_0;
    %pad/u 10;
    %pad/u 25;
    %add;
    %ix/vec4 3;
    %ix/load 4, 0, 0; Constant delay
    %assign/vec4/a/d v000001a7b945e3e0, 0, 4;
    %load/vec4 v000001a7b945e020_0;
    %addi 1, 0, 9;
    %assign/vec4 v000001a7b945e020_0, 0;
    %load/vec4 v000001a7b9386c60_0;
    %pad/u 32;
    %cmpi/u 0, 0, 32;
    %flag_or 5, 4; GT is !LE
    %flag_inv 5;
    %jmp/0xz  T_0.75, 5;
    %load/vec4 v000001a7b9386c60_0;
    %subi 1, 0, 16;
    %assign/vec4 v000001a7b9386c60_0, 0;
T_0.75 ;
    %load/vec4 v000001a7b945e520_0;
    %pad/u 32;
    %load/vec4 v000001a7b945e020_0;
    %pad/u 32;
    %addi 1, 0, 32;
    %cmp/u;
    %flag_or 5, 4;
    %jmp/0xz  T_0.77, 5;
    %pushi/vec4 1, 0, 1;
    %assign/vec4 v000001a7b945de40_0, 0;
    %load/vec4 v000001a7b945d530_0;
    %assign/vec4 v000001a7b945dd00_0, 0;
    %load/vec4 v000001a7b945d5d0_0;
    %assign/vec4 v000001a7b945e5c0_0, 0;
    %load/vec4 v000001a7b945e520_0;
    %parti/s 9, 0, 2;
    %assign/vec4 v000001a7b945dda0_0, 0;
    %pushi/vec4 0, 0, 16;
    %assign/vec4 v000001a7b9386f00_0, 0;
    %pushi/vec4 0, 0, 16;
    %assign/vec4 v000001a7b945e520_0, 0;
    %pushi/vec4 0, 0, 9;
    %assign/vec4 v000001a7b945e020_0, 0;
    %jmp T_0.78;
T_0.77 ;
    %load/vec4 v000001a7b9386f00_0;
    %addi 1, 0, 16;
    %assign/vec4 v000001a7b9386f00_0, 0;
T_0.78 ;
T_0.72 ;
T_0.68 ;
T_0.65 ;
    %jmp T_0.21;
T_0.18 ;
    %load/vec4 v000001a7b9386bc0_0;
    %flag_set/vec4 8;
    %jmp/0xz  T_0.79, 8;
    %load/vec4 v000001a7b9386c60_0;
    %pad/u 32;
    %cmpi/u 0, 0, 32;
    %flag_or 5, 4; GT is !LE
    %flag_inv 5;
    %jmp/0xz  T_0.81, 5;
    %load/vec4 v000001a7b9386c60_0;
    %subi 1, 0, 16;
    %assign/vec4 v000001a7b9386c60_0, 0;
T_0.81 ;
T_0.79 ;
    %jmp T_0.21;
T_0.19 ;
    %pushi/vec4 1, 0, 1;
    %assign/vec4 v000001a7b945e480_0, 0;
    %load/vec4 v000001a7b9386bc0_0;
    %flag_set/vec4 8;
    %jmp/0xz  T_0.83, 8;
    %load/vec4 v000001a7b9386b20_0;
    %assign/vec4 v000001a7b945e700_0, 0;
    %pushi/vec4 1, 0, 1;
    %assign/vec4 v000001a7b945e160_0, 0;
    %jmp T_0.84;
T_0.83 ;
    %pushi/vec4 0, 0, 1;
    %assign/vec4 v000001a7b945e160_0, 0;
T_0.84 ;
    %jmp T_0.21;
T_0.20 ;
    %pushi/vec4 1, 0, 1;
    %assign/vec4 v000001a7b945e200_0, 0;
    %load/vec4 v000001a7b9386bc0_0;
    %flag_set/vec4 8;
    %jmp/0xz  T_0.85, 8;
    %load/vec4 v000001a7b9386b20_0;
    %assign/vec4 v000001a7b945e700_0, 0;
    %pushi/vec4 1, 0, 1;
    %assign/vec4 v000001a7b945e160_0, 0;
T_0.85 ;
    %pushi/vec4 11, 0, 5;
    %assign/vec4 v000001a7b945e7a0_0, 0;
    %jmp T_0.21;
T_0.21 ;
    %pop/vec4 1;
T_0.1 ;
    %jmp T_0;
    .thread T_0;
    .scope S_000001a7b9386990;
T_1 ;
    %wait E_000001a7b9405530;
    %load/vec4 v000001a7b945e2a0_0;
    %store/vec4 v000001a7b945e7a0_0, 0, 5;
    %load/vec4 v000001a7b945e2a0_0;
    %dup/vec4;
    %pushi/vec4 0, 0, 5;
    %cmp/u;
    %jmp/1 T_1.0, 6;
    %dup/vec4;
    %pushi/vec4 1, 0, 5;
    %cmp/u;
    %jmp/1 T_1.1, 6;
    %dup/vec4;
    %pushi/vec4 2, 0, 5;
    %cmp/u;
    %jmp/1 T_1.2, 6;
    %dup/vec4;
    %pushi/vec4 3, 0, 5;
    %cmp/u;
    %jmp/1 T_1.3, 6;
    %dup/vec4;
    %pushi/vec4 4, 0, 5;
    %cmp/u;
    %jmp/1 T_1.4, 6;
    %dup/vec4;
    %pushi/vec4 6, 0, 5;
    %cmp/u;
    %jmp/1 T_1.5, 6;
    %dup/vec4;
    %pushi/vec4 7, 0, 5;
    %cmp/u;
    %jmp/1 T_1.6, 6;
    %dup/vec4;
    %pushi/vec4 8, 0, 5;
    %cmp/u;
    %jmp/1 T_1.7, 6;
    %dup/vec4;
    %pushi/vec4 12, 0, 5;
    %cmp/u;
    %jmp/1 T_1.8, 6;
    %dup/vec4;
    %pushi/vec4 9, 0, 5;
    %cmp/u;
    %jmp/1 T_1.9, 6;
    %dup/vec4;
    %pushi/vec4 10, 0, 5;
    %cmp/u;
    %jmp/1 T_1.10, 6;
    %dup/vec4;
    %pushi/vec4 11, 0, 5;
    %cmp/u;
    %jmp/1 T_1.11, 6;
    %pushi/vec4 1, 0, 5;
    %store/vec4 v000001a7b945e7a0_0, 0, 5;
    %jmp T_1.13;
T_1.0 ;
    %pushi/vec4 1, 0, 5;
    %store/vec4 v000001a7b945e7a0_0, 0, 5;
    %jmp T_1.13;
T_1.1 ;
    %load/vec4 v000001a7b9386bc0_0;
    %flag_set/vec4 9;
    %flag_get/vec4 9;
    %jmp/0 T_1.16, 9;
    %load/vec4 v000001a7b9386b20_0;
    %pushi/vec4 255, 0, 8;
    %cmp/e;
    %flag_get/vec4 4;
    %and;
T_1.16;
    %flag_set/vec4 8;
    %jmp/0xz  T_1.14, 8;
    %pushi/vec4 2, 0, 5;
    %store/vec4 v000001a7b945e7a0_0, 0, 5;
T_1.14 ;
    %jmp T_1.13;
T_1.2 ;
    %load/vec4 v000001a7b9386bc0_0;
    %flag_set/vec4 8;
    %jmp/0xz  T_1.17, 8;
    %load/vec4 v000001a7b9386b20_0;
    %cmpi/e 255, 0, 8;
    %jmp/0xz  T_1.19, 4;
    %pushi/vec4 2, 0, 5;
    %store/vec4 v000001a7b945e7a0_0, 0, 5;
    %jmp T_1.20;
T_1.19 ;
    %load/vec4 v000001a7b9386b20_0;
    %cmpi/e 0, 0, 8;
    %jmp/0xz  T_1.21, 4;
    %pushi/vec4 1, 0, 5;
    %store/vec4 v000001a7b945e7a0_0, 0, 5;
    %jmp T_1.22;
T_1.21 ;
    %load/vec4 v000001a7b9386b20_0;
    %cmpi/e 216, 0, 8;
    %jmp/0xz  T_1.23, 4;
    %pushi/vec4 1, 0, 5;
    %store/vec4 v000001a7b945e7a0_0, 0, 5;
    %jmp T_1.24;
T_1.23 ;
    %pushi/vec4 3, 0, 5;
    %store/vec4 v000001a7b945e7a0_0, 0, 5;
T_1.24 ;
T_1.22 ;
T_1.20 ;
T_1.17 ;
    %jmp T_1.13;
T_1.3 ;
    %load/vec4 v000001a7b9386bc0_0;
    %flag_set/vec4 8;
    %jmp/0xz  T_1.25, 8;
    %pushi/vec4 4, 0, 5;
    %store/vec4 v000001a7b945e7a0_0, 0, 5;
T_1.25 ;
    %jmp T_1.13;
T_1.4 ;
    %load/vec4 v000001a7b9386bc0_0;
    %flag_set/vec4 8;
    %jmp/0xz  T_1.27, 8;
    %load/vec4 v000001a7b945d670_0;
    %cmpi/e 192, 0, 8;
    %jmp/0xz  T_1.29, 4;
    %pushi/vec4 6, 0, 5;
    %store/vec4 v000001a7b945e7a0_0, 0, 5;
    %jmp T_1.30;
T_1.29 ;
    %load/vec4 v000001a7b945d670_0;
    %cmpi/e 219, 0, 8;
    %jmp/0xz  T_1.31, 4;
    %pushi/vec4 7, 0, 5;
    %store/vec4 v000001a7b945e7a0_0, 0, 5;
    %jmp T_1.32;
T_1.31 ;
    %load/vec4 v000001a7b945d670_0;
    %cmpi/e 196, 0, 8;
    %jmp/0xz  T_1.33, 4;
    %pushi/vec4 8, 0, 5;
    %store/vec4 v000001a7b945e7a0_0, 0, 5;
    %jmp T_1.34;
T_1.33 ;
    %load/vec4 v000001a7b945d670_0;
    %cmpi/e 218, 0, 8;
    %jmp/0xz  T_1.35, 4;
    %pushi/vec4 12, 0, 5;
    %store/vec4 v000001a7b945e7a0_0, 0, 5;
    %jmp T_1.36;
T_1.35 ;
    %pushi/vec4 9, 0, 5;
    %store/vec4 v000001a7b945e7a0_0, 0, 5;
T_1.36 ;
T_1.34 ;
T_1.32 ;
T_1.30 ;
T_1.27 ;
    %jmp T_1.13;
T_1.5 ;
    %load/vec4 v000001a7b9386bc0_0;
    %flag_set/vec4 9;
    %flag_get/vec4 9;
    %jmp/0 T_1.39, 9;
    %load/vec4 v000001a7b9386c60_0;
    %pushi/vec4 1, 0, 16;
    %cmp/e;
    %flag_get/vec4 4;
    %and;
T_1.39;
    %flag_set/vec4 8;
    %jmp/0xz  T_1.37, 8;
    %pushi/vec4 1, 0, 5;
    %store/vec4 v000001a7b945e7a0_0, 0, 5;
T_1.37 ;
    %jmp T_1.13;
T_1.6 ;
    %load/vec4 v000001a7b9386bc0_0;
    %flag_set/vec4 9;
    %flag_get/vec4 9;
    %jmp/0 T_1.42, 9;
    %load/vec4 v000001a7b9386c60_0;
    %pushi/vec4 1, 0, 16;
    %cmp/e;
    %flag_get/vec4 4;
    %and;
T_1.42;
    %flag_set/vec4 8;
    %jmp/0xz  T_1.40, 8;
    %pushi/vec4 1, 0, 5;
    %store/vec4 v000001a7b945e7a0_0, 0, 5;
T_1.40 ;
    %jmp T_1.13;
T_1.7 ;
    %load/vec4 v000001a7b9386bc0_0;
    %flag_set/vec4 9;
    %flag_get/vec4 9;
    %jmp/0 T_1.45, 9;
    %load/vec4 v000001a7b9386c60_0;
    %pushi/vec4 1, 0, 16;
    %cmp/e;
    %flag_get/vec4 4;
    %and;
T_1.45;
    %flag_set/vec4 8;
    %jmp/0xz  T_1.43, 8;
    %pushi/vec4 1, 0, 5;
    %store/vec4 v000001a7b945e7a0_0, 0, 5;
T_1.43 ;
    %jmp T_1.13;
T_1.8 ;
    %load/vec4 v000001a7b9386bc0_0;
    %flag_set/vec4 8;
    %jmp/0xz  T_1.46, 8;
    %load/vec4 v000001a7b9386f00_0;
    %addi 1, 0, 16;
    %assign/vec4 v000001a7b9386f00_0, 0;
    %load/vec4 v000001a7b9386c60_0;
    %pad/u 32;
    %cmpi/u 0, 0, 32;
    %flag_or 5, 4; GT is !LE
    %flag_inv 5;
    %jmp/0xz  T_1.48, 5;
    %load/vec4 v000001a7b9386c60_0;
    %subi 1, 0, 16;
    %assign/vec4 v000001a7b9386c60_0, 0;
T_1.48 ;
T_1.46 ;
    %jmp T_1.13;
T_1.9 ;
    %load/vec4 v000001a7b9386bc0_0;
    %flag_set/vec4 9;
    %flag_get/vec4 9;
    %jmp/0 T_1.52, 9;
    %load/vec4 v000001a7b9386c60_0;
    %pad/u 32;
    %cmpi/u 1, 0, 32;
    %flag_get/vec4 4;
    %flag_get/vec4 5;
    %or;
    %and;
T_1.52;
    %flag_set/vec4 8;
    %jmp/0xz  T_1.50, 8;
    %pushi/vec4 1, 0, 5;
    %store/vec4 v000001a7b945e7a0_0, 0, 5;
T_1.50 ;
    %jmp T_1.13;
T_1.10 ;
    %pushi/vec4 11, 0, 5;
    %store/vec4 v000001a7b945e7a0_0, 0, 5;
    %jmp T_1.13;
T_1.11 ;
    %pushi/vec4 11, 0, 5;
    %store/vec4 v000001a7b945e7a0_0, 0, 5;
    %jmp T_1.13;
T_1.13 ;
    %pop/vec4 1;
    %jmp T_1;
    .thread T_1, $push;
# The file index is used to find the file name in the following table.
:file_names 3;
    "N/A";
    "<interactive>";
    "jpeg_header_parser.v";
